<?xml version="1.0" ?>
<coverage version="6.3" timestamp="1750560452" lines-valid="200" lines-covered="170" line-rate="0.85" branches-covered="40" branches-valid="45" branch-rate="0.89" complexity="0.0">
    <sources>
        <source>.</source>
    </sources>
    <packages>
        <package name="oversight_curriculum" line-rate="0.85" branch-rate="0.89" complexity="0.0">
            <classes>
                <class name="src/analysis.py" filename="src/analysis.py" complexity="0.0" line-rate="0.90" branch-rate="0.85">
                    <methods/>
                    <lines>
                        <line hits="1" number="1"/>
                        <line hits="1" number="2"/>
                        <line hits="0" number="20"/>
                    </lines>
                </class>
                <class name="src/collusion_mitigation.py" filename="src/collusion_mitigation.py" complexity="0.0" line-rate="0.80" branch-rate="0.90">
                    <methods/>
                    <lines>
                        <line hits="1" number="1"/>
                        <line hits="0" number="10"/>
                    </lines>
                </class>
            </classes>
        </package>
    </packages>
</coverage>